Remove Pin=J1-2 From Net=ESP_ADC
Remove Pin=J2-3 From Net=ESP_I2C_SCL
Remove Pin=J2-4 From Net=ESP_I2C_SDA
Remove Pin=J3-3 From Net=ESP_UART_TX1
Remove Pin=J3-4 From Net=ESP_UART_RX1
Remove Pin=J4-3 From Net=ESP_HSPI_MISO
Remove Pin=J4-4 From Net=ESP_HSPI_MOSI
Remove Pin=J4-5 From Net=ESP_HSPI_CS
Remove Pin=J4-6 From Net=ESP_HSPI_CLK
Remove Pin=P2-1 From Net=ESP_RX0
Remove Pin=P2-2 From Net=ESP_TX0
Remove Pin=R9-1 From Net=LEDS
Remove Pin=R33-2 From Net=LINKLED
Remove Pin=R34-2 From Net=ACTLED
Remove Pin=U3-3 From Net=ESP_EN
Remove Pin=U3-8 From Net=LED
Remove Pin=U3-9 From Net=SIREN
Remove Pin=U3-10 From Net=ESP_ADC
Remove Pin=U3-11 From Net=RSTn
Remove Pin=U3-12 From Net=INTn
Remove Pin=U3-13 From Net=ESP_HSPI_CLK
Remove Pin=U3-14 From Net=ESP_HSPI_MISO
Remove Pin=U3-16 From Net=ESP_HSPI_MOSI
Remove Pin=U3-23 From Net=ESP_HSPI_CS
Remove Pin=U3-24 From Net=LEDS
Remove Pin=U3-25 From Net=ESP_BOOT0
Remove Pin=U3-27 From Net=ESP_UART_RX1
Remove Pin=U3-28 From Net=ESP_UART_TX1
Remove Pin=U3-29 From Net=CSn
Remove Pin=U3-30 From Net=SCLK
Remove Pin=U3-31 From Net=MISO
Remove Pin=U3-33 From Net=ESP_I2C_SDA
Remove Pin=U3-34 From Net=ESP_RX0
Remove Pin=U3-35 From Net=ESP_TX0
Remove Pin=U3-36 From Net=ESP_I2C_SCL
Remove Pin=U3-37 From Net=MOSI
Remove Pin=U4-25 From Net=LINKLED
Remove Pin=U4-27 From Net=ACTLED
Remove Pin=U4-30 From Net=XI
Remove Pin=U4-31 From Net=XO
Remove Pin=U4-33 From Net=SCLK
Remove Pin=U4-34 From Net=MISO
Remove Pin=U4-35 From Net=MOSI
Remove Pin=U4-37 From Net=RSTn
Remove Pin=U4-43 From Net=PMODE2
Remove Pin=U4-44 From Net=PMODE1
Remove Pin=U4-45 From Net=PMODE0
Change Net Color : Net Name= +5 Old Net Color=RGB(110, 110, 255) New Net Color=Default
